<?xml version="1.0" encoding="UTF-8"?>
<!-- Generated by org.testng.reporters.JUnitReportReporter -->
<testsuite skipped="0" hostname="DESKTOP-HM5G61C" name="com.starwars.testcases.HomePageTest" tests="3" failures="0" timestamp="2019-09-27T23:12:53 EDT" time="30.908" errors="0">
  <testcase name="filmsPage" time="12.884" classname="com.starwars.testcases.HomePageTest"/>
  <testcase name="videoPage" time="11.269" classname="com.starwars.testcases.HomePageTest"/>
  <testcase name="homePage" time="6.755" classname="com.starwars.testcases.HomePageTest"/>
</testsuite> <!-- com.starwars.testcases.HomePageTest -->
