<?xml version="1.0" encoding="UTF-8"?>
<!-- Generated by org.testng.reporters.JUnitReportReporter -->
<testsuite skipped="0" hostname="DESKTOP-HM5G61C" name="com.starwars.testcases.APITestCases" tests="3" failures="0" timestamp="2019-09-27T22:15:32 EDT" time="5.834" errors="0">
  <testcase name="TC01_2" time="0.433" classname="com.starwars.testcases.APITestCases"/>
  <testcase name="TC01_1" time="2.343" classname="com.starwars.testcases.APITestCases"/>
  <testcase name="TC01_3" time="3.058" classname="com.starwars.testcases.APITestCases"/>
</testsuite> <!-- com.starwars.testcases.APITestCases -->
